\BOOKMARK [1][-]{section*.1}{\376\377\000D\000e\000c\000l\000a\000r\000a\000t\000i\000o\000n}{}% 1
\BOOKMARK [1][-]{section*.2}{\376\377\000D\000e\000c\000l\000a\000r\000a\000\347\000\343\000o}{}% 2
\BOOKMARK [1][-]{section*.3}{\376\377\000A\000b\000s\000t\000r\000a\000c\000t}{}% 3
\BOOKMARK [1][-]{section*.4}{\376\377\000R\000e\000s\000u\000m\000o}{}% 4
\BOOKMARK [0][-]{section*.6}{\376\377\000A\000c\000r\000o\000n\000y\000m\000s}{}% 5
\BOOKMARK [0][-]{chapter.1}{\376\377\000I\000n\000t\000r\000o\000d\000u\000c\000t\000i\000o\000n}{}% 6
\BOOKMARK [1][-]{section.1.1}{\376\377\000C\000o\000n\000t\000e\000x\000t}{chapter.1}% 7
\BOOKMARK [1][-]{section.1.2}{\376\377\000M\000o\000t\000i\000v\000a\000t\000i\000o\000n}{chapter.1}% 8
\BOOKMARK [1][-]{section.1.3}{\376\377\000O\000b\000j\000e\000c\000t\000i\000v\000e\000s}{chapter.1}% 9
\BOOKMARK [1][-]{section.1.4}{\376\377\000C\000o\000n\000t\000r\000i\000b\000u\000t\000i\000o\000n\000s}{chapter.1}% 10
\BOOKMARK [1][-]{section.1.5}{\376\377\000R\000e\000p\000o\000r\000t\000\040\000o\000u\000t\000l\000i\000n\000e}{chapter.1}% 11
\BOOKMARK [0][-]{chapter.2}{\376\377\000S\000t\000a\000t\000e\000\040\000o\000f\000\040\000t\000h\000e\000\040\000a\000r\000t}{}% 12
\BOOKMARK [1][-]{section.2.1}{\376\377\000O\000v\000e\000r\000v\000i\000e\000w\000\040\000o\000f\000\040\000M\000E\000C\000\040\000a\000r\000c\000h\000i\000t\000e\000c\000t\000u\000r\000e\000s}{chapter.2}% 13
\BOOKMARK [2][-]{subsection.2.1.1}{\376\377\000E\000d\000g\000e\000\040\000c\000o\000m\000p\000u\000t\000i\000n\000g\000\040\000a\000c\000c\000e\000s\000s\000\040\000n\000o\000d\000e\000s}{section.2.1}% 14
\BOOKMARK [2][-]{subsection.2.1.2}{\376\377\000D\000i\000s\000t\000r\000i\000b\000u\000t\000e\000d\000\040\000d\000a\000t\000a\000\040\000c\000e\000n\000t\000e\000r\000s}{section.2.1}% 15
\BOOKMARK [2][-]{subsection.2.1.3}{\376\377\000C\000O\000N\000C\000E\000R\000T\000\040\000a\000r\000c\000h\000i\000t\000e\000c\000t\000u\000r\000e}{section.2.1}% 16
\BOOKMARK [1][-]{section.2.2}{\376\377\000R\000e\000i\000n\000f\000o\000r\000c\000e\000m\000e\000n\000t\000\040\000L\000e\000a\000r\000n\000i\000n\000g\000\040\000\050\000R\000L\000\051}{chapter.2}% 17
\BOOKMARK [2][-]{subsection.2.2.1}{\376\377\000M\000a\000r\000k\000o\000v\000\040\000D\000e\000c\000i\000s\000i\000o\000n\000\040\000P\000r\000o\000c\000e\000s\000s\000\040\000\050\000M\000D\000P\000\051}{section.2.2}% 18
\BOOKMARK [2][-]{subsection.2.2.2}{\376\377\000P\000a\000r\000t\000i\000a\000l\000l\000y\000\040\000O\000b\000s\000e\000r\000v\000a\000b\000l\000e\000\040\000M\000a\000r\000k\000o\000v\000\040\000D\000e\000c\000i\000s\000i\000o\000n\000\040\000P\000r\000o\000c\000e\000s\000s\000\040\000\050\000P\000O\000M\000D\000P\000\051}{section.2.2}% 19
\BOOKMARK [2][-]{subsection.2.2.3}{\376\377\000V\000a\000l\000u\000e\000\040\000f\000u\000n\000c\000t\000i\000o\000n}{section.2.2}% 20
\BOOKMARK [2][-]{subsection.2.2.4}{\376\377\000Q\000-\000l\000e\000a\000r\000n\000i\000n\000g}{section.2.2}% 21
\BOOKMARK [2][-]{subsection.2.2.5}{\376\377\000D\000e\000e\000p\000\040\000Q\000-\000N\000e\000t\000w\000o\000r\000k\000\040\000\050\000D\000Q\000N\000\051}{section.2.2}% 22
\BOOKMARK [2][-]{subsection.2.2.6}{\376\377\000D\000o\000u\000b\000l\000e\000\040\000D\000e\000e\000p\000\040\000Q\000-\000N\000e\000t\000w\000o\000r\000k\000\040\000\050\000D\000D\000Q\000N\000\051}{section.2.2}% 23
\BOOKMARK [2][-]{subsection.2.2.7}{\376\377\000P\000r\000i\000o\000r\000i\000t\000i\000z\000e\000d\000\040\000e\000x\000p\000e\000r\000i\000e\000n\000c\000e\000\040\000r\000e\000p\000l\000a\000y}{section.2.2}% 24
\BOOKMARK [2][-]{subsection.2.2.8}{\376\377\000D\000u\000e\000l\000i\000n\000g\000\040\000D\000e\000e\000p\000\040\000Q\000-\000N\000e\000t\000w\000o\000r\000k\000\040\000\050\000D\000u\000e\000l\000i\000n\000g\000\040\000D\000Q\000N\000\051}{section.2.2}% 25
\BOOKMARK [2][-]{subsection.2.2.9}{\376\377\000A\000s\000y\000n\000c\000h\000r\000o\000n\000o\000u\000s\000\040\000A\000d\000v\000a\000n\000t\000a\000g\000e\000\040\000A\000c\000t\000o\000r\000-\000C\000r\000i\000t\000i\000c\000\040\000\050\000A\0003\000C\000\051}{section.2.2}% 26
\BOOKMARK [1][-]{section.2.3}{\376\377\000E\000x\000p\000l\000o\000i\000t\000a\000t\000i\000o\000n\000\040\000v\000s\000\040\000E\000x\000p\000l\000o\000r\000a\000t\000i\000o\000n}{chapter.2}% 27
\BOOKMARK [2][-]{subsection.2.3.1}{\376\377\000-\000g\000r\000e\000e\000d\000y\000\040\000a\000l\000g\000o\000r\000i\000t\000h\000m}{section.2.3}% 28
\BOOKMARK [2][-]{subsection.2.3.2}{\376\377\000B\000o\000l\000t\000z\000m\000a\000n\000n\000\040\000e\000x\000p\000l\000o\000r\000a\000t\000i\000o\000n}{section.2.3}% 29
\BOOKMARK [2][-]{subsection.2.3.3}{\376\377\000A\000d\000a\000p\000t\000i\000v\000e\000\040\000G\000e\000n\000e\000t\000i\000c\000\040\000A\000l\000g\000o\000r\000i\000t\000h\000m\000\040\000\050\000A\000G\000A\000\051}{section.2.3}% 30
\BOOKMARK [1][-]{section.2.4}{\376\377\000R\000e\000l\000a\000t\000e\000d\000\040\000w\000o\000r\000k}{chapter.2}% 31
\BOOKMARK [2][-]{subsection.2.4.1}{\376\377\000U\000s\000e\000r\000\040\000s\000i\000d\000e\000\040\000t\000a\000s\000k\000\040\000o\000f\000f\000l\000o\000a\000d\000i\000n\000g}{section.2.4}% 32
\BOOKMARK [2][-]{subsection.2.4.2}{\376\377\000C\000e\000n\000t\000r\000a\000l\000i\000z\000e\000d\000\040\000F\000o\000g\000\040\000N\000e\000t\000w\000o\000r\000k\000\040\000m\000a\000n\000a\000g\000e\000r\000s}{section.2.4}% 33
\BOOKMARK [2][-]{subsection.2.4.3}{\376\377\000D\000e\000c\000e\000n\000t\000r\000a\000l\000i\000z\000e\000d\000\040\000F\000o\000g\000\040\000N\000e\000t\000w\000o\000r\000k\000\040\000m\000a\000n\000a\000g\000e\000r\000s}{section.2.4}% 34
\BOOKMARK [2][-]{subsection.2.4.4}{\376\377\000C\000e\000n\000t\000r\000a\000l\000i\000z\000e\000d\000\040\000M\000E\000C\000\040\000c\000o\000n\000t\000r\000o\000l\000l\000e\000r}{section.2.4}% 35
\BOOKMARK [0][-]{chapter.3}{\376\377\000T\000h\000e\000s\000i\000s\000\040\000p\000r\000o\000p\000o\000s\000i\000t\000i\000o\000n}{}% 36
\BOOKMARK [1][-]{section.3.1}{\376\377\000P\000r\000o\000b\000l\000e\000m\000\040\000s\000t\000a\000t\000e\000m\000e\000n\000t}{chapter.3}% 37
\BOOKMARK [2][-]{subsection.3.1.1}{\376\377\000S\000y\000s\000t\000e\000m\000\040\000M\000o\000d\000e\000l}{section.3.1}% 38
\BOOKMARK [2][-]{subsection.3.1.2}{\376\377\000P\000r\000o\000b\000l\000e\000m\000\040\000f\000o\000r\000m\000u\000l\000a\000t\000i\000o\000n}{section.3.1}% 39
\BOOKMARK [2][-]{subsection.3.1.3}{\376\377\000S\000o\000l\000u\000t\000i\000o\000n}{section.3.1}% 40
\BOOKMARK [1][-]{section.3.2}{\376\377\000M\000e\000t\000h\000o\000d\000s\000\040\000a\000n\000d\000\040\000t\000o\000o\000l\000s}{chapter.3}% 41
\BOOKMARK [0][-]{chapter.4}{\376\377\000R\000e\000s\000u\000l\000t\000s}{}% 42
\BOOKMARK [1][-]{section.4.1}{\376\377\000B\000a\000s\000e\000l\000i\000n\000e\000s}{chapter.4}% 43
\BOOKMARK [1][-]{section.4.2}{\376\377\000S\000i\000m\000p\000l\000e\000\040\000t\000e\000s\000t}{chapter.4}% 44
\BOOKMARK [1][-]{section.4.3}{\376\377\000S\000c\000a\000l\000a\000b\000i\000l\000i\000t\000y\000\040\000a\000n\000d\000\040\000D\000a\000t\000a\000\040\000E\000f\000f\000i\000c\000i\000e\000n\000c\000y}{chapter.4}% 45
\BOOKMARK [1][-]{section.4.4}{\376\377\000R\000o\000b\000u\000s\000t\000n\000e\000s\000s\000\040\000a\000n\000d\000\040\000S\000t\000a\000b\000i\000l\000i\000t\000y}{chapter.4}% 46
\BOOKMARK [1][-]{section.4.5}{\376\377\000R\000e\000w\000a\000r\000d\000\040\000f\000u\000n\000c\000t\000i\000o\000n\000\040\000w\000e\000i\000g\000h\000t\000s}{chapter.4}% 47
\BOOKMARK [0][-]{chapter.5}{\376\377\000C\000o\000n\000c\000l\000u\000s\000i\000o\000n\000s}{}% 48
\BOOKMARK [1][-]{section.5.1}{\376\377\000S\000u\000m\000m\000a\000r\000y}{chapter.5}% 49
\BOOKMARK [1][-]{section.5.2}{\376\377\000F\000u\000t\000u\000r\000e\000\040\000W\000o\000r\000k}{chapter.5}% 50
\BOOKMARK [0][-]{section.5.2}{\376\377\000B\000i\000b\000l\000i\000o\000g\000r\000a\000p\000h\000y}{}% 51
